[1104/165312.085:ERROR:process_reader_win.cc(151)] SuspendThread: Access is denied. (0x5)
[1104/165312.893:ERROR:process_reader_win.cc(123)] NtOpenThread: An invalid Client ID was specified. (0xc000000b)
[1104/165313.444:ERROR:process_reader_win.cc(123)] NtOpenThread: An invalid Client ID was specified. (0xc000000b)
[1104/165313.444:ERROR:process_reader_win.cc(123)] NtOpenThread: An invalid Client ID was specified. (0xc000000b)
[1104/165313.444:ERROR:process_reader_win.cc(123)] NtOpenThread: An invalid Client ID was specified. (0xc000000b)
[1104/165313.444:ERROR:process_reader_win.cc(151)] SuspendThread: Access is denied. (0x5)
[1104/165313.444:ERROR:process_reader_win.cc(123)] NtOpenThread: An invalid Client ID was specified. (0xc000000b)
[1104/165313.457:ERROR:process_reader_win.cc(123)] NtOpenThread: An invalid Client ID was specified. (0xc000000b)
[1104/165313.457:ERROR:process_reader_win.cc(123)] NtOpenThread: An invalid Client ID was specified. (0xc000000b)
[1104/165313.457:ERROR:process_reader_win.cc(123)] NtOpenThread: An invalid Client ID was specified. (0xc000000b)
[1104/165313.457:ERROR:process_reader_win.cc(123)] NtOpenThread: An invalid Client ID was specified. (0xc000000b)
[1104/165313.457:ERROR:process_reader_win.cc(123)] NtOpenThread: An invalid Client ID was specified. (0xc000000b)
[1104/165313.457:ERROR:process_reader_win.cc(123)] NtOpenThread: An invalid Client ID was specified. (0xc000000b)
[1104/165313.457:ERROR:exception_snapshot_win.cc(98)] thread ID 6800 not found in process
[1104/165313.533:ERROR:scoped_process_suspend.cc(40)] NtResumeProcess: An attempt was made to access an exiting process. (0xc000010a)
[1105/070248.149:ERROR:process_reader_win.cc(151)] SuspendThread: Access is denied. (0x5)
[1105/070248.397:ERROR:process_reader_win.cc(151)] SuspendThread: Access is denied. (0x5)
[1105/070248.397:ERROR:process_reader_win.cc(151)] SuspendThread: Access is denied. (0x5)
[1105/070248.397:ERROR:process_reader_win.cc(151)] SuspendThread: Access is denied. (0x5)
[1105/070248.397:ERROR:exception_snapshot_win.cc(98)] thread ID 5300 not found in process
[1211/144915.550:ERROR:process_memory_win.cc(73)] ReadMemory at 0x17188390820 of 72 bytes failed: Only part of a ReadProcessMemory or WriteProcessMemory request was completed. (0x12B)
[1211/144915.936:WARNING:pe_image_annotations_reader.cc(134)] could not read annotations list object in C:\Program Files (x86)\Google\Chrome\Application\78.0.3904.108\chrome_elf.dll
[1211/144915.936:ERROR:process_memory_win.cc(73)] ReadMemory at 0x171886b9550 of 72 bytes failed: Only part of a ReadProcessMemory or WriteProcessMemory request was completed. (0x12B)
[1211/144915.936:WARNING:pe_image_annotations_reader.cc(134)] could not read annotations list object in C:\Program Files (x86)\Google\Chrome\Application\78.0.3904.108\chrome_child.dll
[1211/144915.939:ERROR:process_memory_win.cc(73)] ReadMemory at 0x17188390820 of 72 bytes failed: Only part of a ReadProcessMemory or WriteProcessMemory request was completed. (0x12B)
[1211/144915.939:WARNING:pe_image_annotations_reader.cc(134)] could not read annotations list object in C:\Program Files (x86)\Google\Chrome\Application\78.0.3904.108\chrome_elf.dll
[1211/144915.939:ERROR:process_memory_win.cc(73)] ReadMemory at 0x171886b9550 of 72 bytes failed: Only part of a ReadProcessMemory or WriteProcessMemory request was completed. (0x12B)
[1211/144915.939:WARNING:pe_image_annotations_reader.cc(134)] could not read annotations list object in C:\Program Files (x86)\Google\Chrome\Application\78.0.3904.108\chrome_child.dll
[1211/144916.079:ERROR:process_memory_win.cc(73)] ReadMemory at 0x2c29de8000 of 98304 bytes failed: Only part of a ReadProcessMemory or WriteProcessMemory request was completed. (0x12B)
[1211/144916.079:ERROR:process_memory_win.cc(73)] ReadMemory at 0x2c2adfd000 of 12288 bytes failed: Only part of a ReadProcessMemory or WriteProcessMemory request was completed. (0x12B)
[1211/144916.079:ERROR:process_memory_win.cc(73)] ReadMemory at 0x2c2bdfc000 of 16384 bytes failed: Only part of a ReadProcessMemory or WriteProcessMemory request was completed. (0x12B)
[1211/144916.314:ERROR:process_memory_win.cc(73)] ReadMemory at 0x2c2c5fc000 of 16384 bytes failed: Only part of a ReadProcessMemory or WriteProcessMemory request was completed. (0x12B)
[1211/144916.314:ERROR:process_memory_win.cc(73)] ReadMemory at 0x2c2cdff000 of 4096 bytes failed: Only part of a ReadProcessMemory or WriteProcessMemory request was completed. (0x12B)
[1211/144916.314:ERROR:process_memory_win.cc(73)] ReadMemory at 0x2c2d5fc000 of 16384 bytes failed: Only part of a ReadProcessMemory or WriteProcessMemory request was completed. (0x12B)
[1211/144916.314:ERROR:process_memory_win.cc(73)] ReadMemory at 0x2c2ddfb000 of 20480 bytes failed: Only part of a ReadProcessMemory or WriteProcessMemory request was completed. (0x12B)
[1211/144916.314:ERROR:process_memory_win.cc(73)] ReadMemory at 0x2c2edea000 of 90112 bytes failed: Only part of a ReadProcessMemory or WriteProcessMemory request was completed. (0x12B)
[1211/144916.315:ERROR:process_memory_win.cc(73)] ReadMemory at 0x2c2f5ea000 of 90112 bytes failed: Only part of a ReadProcessMemory or WriteProcessMemory request was completed. (0x12B)
[1211/144916.315:ERROR:process_memory_win.cc(73)] ReadMemory at 0x2c2fdfc000 of 16384 bytes failed: Only part of a ReadProcessMemory or WriteProcessMemory request was completed. (0x12B)
[1211/144916.316:ERROR:process_memory_win.cc(73)] ReadMemory at 0x2c30df9000 of 28672 bytes failed: Only part of a ReadProcessMemory or WriteProcessMemory request was completed. (0x12B)
[1211/144916.316:ERROR:process_memory_win.cc(73)] ReadMemory at 0x2c305f9000 of 28672 bytes failed: Only part of a ReadProcessMemory or WriteProcessMemory request was completed. (0x12B)
[1211/144916.316:ERROR:process_memory_win.cc(73)] ReadMemory at 0x2c315fd000 of 12288 bytes failed: Only part of a ReadProcessMemory or WriteProcessMemory request was completed. (0x12B)
[1211/144916.316:ERROR:process_memory_win.cc(73)] ReadMemory at 0x2c2a5fd000 of 12288 bytes failed: Only part of a ReadProcessMemory or WriteProcessMemory request was completed. (0x12B)
[1211/144916.316:ERROR:process_memory_win.cc(73)] ReadMemory at 0x2c2e5fc000 of 16384 bytes failed: Only part of a ReadProcessMemory or WriteProcessMemory request was completed. (0x12B)
[1211/144916.316:ERROR:process_memory_win.cc(73)] ReadMemory at 0x2c2b5fd000 of 12288 bytes failed: Only part of a ReadProcessMemory or WriteProcessMemory request was completed. (0x12B)
[1211/144916.317:ERROR:process_memory_win.cc(73)] ReadMemory at 0x2c31dfe000 of 8192 bytes failed: Only part of a ReadProcessMemory or WriteProcessMemory request was completed. (0x12B)
[1211/144916.317:ERROR:process_memory_win.cc(73)] ReadMemory at 0x2c29400000 of 6024 bytes failed: Only part of a ReadProcessMemory or WriteProcessMemory request was completed. (0x12B)
[1211/144916.317:ERROR:process_memory_win.cc(73)] ReadMemory at 0x2c29404000 of 6024 bytes failed: Only part of a ReadProcessMemory or WriteProcessMemory request was completed. (0x12B)
[1211/144916.317:ERROR:process_memory_win.cc(73)] ReadMemory at 0x2c29406000 of 6024 bytes failed: Only part of a ReadProcessMemory or WriteProcessMemory request was completed. (0x12B)
[1211/144916.317:ERROR:process_memory_win.cc(73)] ReadMemory at 0x2c29408000 of 6024 bytes failed: Only part of a ReadProcessMemory or WriteProcessMemory request was completed. (0x12B)
[1211/144916.317:ERROR:process_memory_win.cc(73)] ReadMemory at 0x2c2944e000 of 6024 bytes failed: Only part of a ReadProcessMemory or WriteProcessMemory request was completed. (0x12B)
[1211/144916.317:ERROR:process_memory_win.cc(73)] ReadMemory at 0x2c29470000 of 6024 bytes failed: Only part of a ReadProcessMemory or WriteProcessMemory request was completed. (0x12B)
[1211/144916.317:ERROR:process_memory_win.cc(73)] ReadMemory at 0x2c294f2000 of 6024 bytes failed: Only part of a ReadProcessMemory or WriteProcessMemory request was completed. (0x12B)
[1211/144916.318:ERROR:process_memory_win.cc(73)] ReadMemory at 0x2c2958a000 of 6024 bytes failed: Only part of a ReadProcessMemory or WriteProcessMemory request was completed. (0x12B)
[1211/144916.318:ERROR:process_memory_win.cc(73)] ReadMemory at 0x2c2958c000 of 6024 bytes failed: Only part of a ReadProcessMemory or WriteProcessMemory request was completed. (0x12B)
[1211/144916.318:ERROR:process_memory_win.cc(73)] ReadMemory at 0x2c2958e000 of 6024 bytes failed: Only part of a ReadProcessMemory or WriteProcessMemory request was completed. (0x12B)
[1211/144916.318:ERROR:process_memory_win.cc(73)] ReadMemory at 0x2c29590000 of 6024 bytes failed: Only part of a ReadProcessMemory or WriteProcessMemory request was completed. (0x12B)
[1211/144916.318:ERROR:process_memory_win.cc(73)] ReadMemory at 0x2c295ef000 of 852 bytes failed: Only part of a ReadProcessMemory or WriteProcessMemory request was completed. (0x12B)
[1211/144916.318:ERROR:process_memory_win.cc(73)] ReadMemory at 0x2c295f0000 of 6024 bytes failed: Only part of a ReadProcessMemory or WriteProcessMemory request was completed. (0x12B)
[1211/144916.318:ERROR:process_memory_win.cc(73)] ReadMemory at 0x2c295f4000 of 6024 bytes failed: Only part of a ReadProcessMemory or WriteProcessMemory request was completed. (0x12B)
[1211/144916.318:ERROR:process_memory_win.cc(73)] ReadMemory at 0x2c295f8000 of 6024 bytes failed: Only part of a ReadProcessMemory or WriteProcessMemory request was completed. (0x12B)
[1211/144916.318:ERROR:process_memory_win.cc(73)] ReadMemory at 0x2c295fa000 of 6024 bytes failed: Only part of a ReadProcessMemory or WriteProcessMemory request was completed. (0x12B)
[1211/144916.319:ERROR:process_memory_win.cc(73)] ReadMemory at 0x2c295fc000 of 6024 bytes failed: Only part of a ReadProcessMemory or WriteProcessMemory request was completed. (0x12B)
[1211/144916.319:ERROR:process_memory_win.cc(73)] ReadMemory at 0x2c295fe000 of 6024 bytes failed: Only part of a ReadProcessMemory or WriteProcessMemory request was completed. (0x12B)
[1211/144916.319:ERROR:process_memory_win.cc(73)] ReadMemory at 0x171880f0fc0 of 28386 bytes failed: Only part of a ReadProcessMemory or WriteProcessMemory request was completed. (0x12B)
[1211/144916.319:ERROR:process_memory_win.cc(73)] ReadMemory at 0x171880f7eb0 of 1012 bytes failed: Only part of a ReadProcessMemory or WriteProcessMemory request was completed. (0x12B)
[1211/144916.319:ERROR:process_memory_win.cc(73)] ReadMemory at 0x171880f84c8 of 118 bytes failed: Only part of a ReadProcessMemory or WriteProcessMemory request was completed. (0x12B)
[1211/144916.319:ERROR:process_memory_win.cc(73)] ReadMemory at 0x171880f8540 of 858 bytes failed: Only part of a ReadProcessMemory or WriteProcessMemory request was completed. (0x12B)
[1211/144916.319:ERROR:process_memory_win.cc(73)] ReadMemory at 0x171880f889c of 118 bytes failed: Only part of a ReadProcessMemory or WriteProcessMemory request was completed. (0x12B)
[1211/144916.319:ERROR:process_memory_win.cc(73)] ReadMemory at 0x171880f8914 of 96 bytes failed: Only part of a ReadProcessMemory or WriteProcessMemory request was completed. (0x12B)
[1211/144916.319:ERROR:process_memory_win.cc(73)] ReadMemory at 0x171880f8980 of 58 bytes failed: Only part of a ReadProcessMemory or WriteProcessMemory request was completed. (0x12B)
[1211/144916.319:ERROR:process_memory_win.cc(73)] ReadMemory at 0x171880f8a80 of 132 bytes failed: Only part of a ReadProcessMemory or WriteProcessMemory request was completed. (0x12B)
[1211/144916.319:ERROR:process_memory_win.cc(73)] ReadMemory at 0x171880f8c10 of 132 bytes failed: Only part of a ReadProcessMemory or WriteProcessMemory request was completed. (0x12B)
[1211/144916.320:ERROR:process_memory_win.cc(73)] ReadMemory at 0x171880f8dd0 of 126 bytes failed: Only part of a ReadProcessMemory or WriteProcessMemory request was completed. (0x12B)
[1211/144916.320:ERROR:process_memory_win.cc(73)] ReadMemory at 0x171880f91b0 of 132 bytes failed: Only part of a ReadProcessMemory or WriteProcessMemory request was completed. (0x12B)
[1211/144916.320:ERROR:process_memory_win.cc(73)] ReadMemory at 0x171880f9340 of 64 bytes failed: Only part of a ReadProcessMemory or WriteProcessMemory request was completed. (0x12B)
[1211/144916.320:ERROR:process_memory_win.cc(73)] ReadMemory at 0x171880f9390 of 132 bytes failed: Only part of a ReadProcessMemory or WriteProcessMemory request was completed. (0x12B)
[1211/144916.320:ERROR:process_memory_win.cc(73)] ReadMemory at 0x171880f9500 of 132 bytes failed: Only part of a ReadProcessMemory or WriteProcessMemory request was completed. (0x12B)
[1211/144916.320:ERROR:process_memory_win.cc(73)] ReadMemory at 0x171880f9790 of 132 bytes failed: Only part of a ReadProcessMemory or WriteProcessMemory request was completed. (0x12B)
[1211/144916.320:ERROR:process_memory_win.cc(73)] ReadMemory at 0x171880f9920 of 68 bytes failed: Only part of a ReadProcessMemory or WriteProcessMemory request was completed. (0x12B)
[1211/144916.320:ERROR:process_memory_win.cc(73)] ReadMemory at 0x171880fa7f0 of 132 bytes failed: Only part of a ReadProcessMemory or WriteProcessMemory request was completed. (0x12B)
[1211/144916.320:ERROR:process_memory_win.cc(73)] ReadMemory at 0x171880fa980 of 154 bytes failed: Only part of a ReadProcessMemory or WriteProcessMemory request was completed. (0x12B)
[1211/144916.320:ERROR:process_memory_win.cc(73)] ReadMemory at 0x171880fb4d0 of 132 bytes failed: Only part of a ReadProcessMemory or WriteProcessMemory request was completed. (0x12B)
[1211/144916.320:ERROR:process_memory_win.cc(73)] ReadMemory at 0x171880fcc10 of 62 bytes failed: Only part of a ReadProcessMemory or WriteProcessMemory request was completed. (0x12B)
[1211/144916.320:ERROR:process_memory_win.cc(73)] ReadMemory at 0x171880fcd70 of 132 bytes failed: Only part of a ReadProcessMemory or WriteProcessMemory request was completed. (0x12B)
[1211/144916.320:ERROR:process_memory_win.cc(73)] ReadMemory at 0x171880fcf00 of 60 bytes failed: Only part of a ReadProcessMemory or WriteProcessMemory request was completed. (0x12B)
[1211/144916.320:ERROR:process_memory_win.cc(73)] ReadMemory at 0x171881005c0 of 132 bytes failed: Only part of a ReadProcessMemory or WriteProcessMemory request was completed. (0x12B)
[1211/144916.321:ERROR:process_memory_win.cc(73)] ReadMemory at 0x171881006f0 of 132 bytes failed: Only part of a ReadProcessMemory or WriteProcessMemory request was completed. (0x12B)
[1211/144916.321:ERROR:process_memory_win.cc(73)] ReadMemory at 0x17188100880 of 80 bytes failed: Only part of a ReadProcessMemory or WriteProcessMemory request was completed. (0x12B)
[1211/144916.321:ERROR:process_memory_win.cc(73)] ReadMemory at 0x171881008e0 of 158 bytes failed: Only part of a ReadProcessMemory or WriteProcessMemory request was completed. (0x12B)
[1211/144916.321:ERROR:process_memory_win.cc(73)] ReadMemory at 0x17188100a20 of 62 bytes failed: Only part of a ReadProcessMemory or WriteProcessMemory request was completed. (0x12B)
[1211/144916.321:ERROR:process_memory_win.cc(73)] ReadMemory at 0x17188100a70 of 62 bytes failed: Only part of a ReadProcessMemory or WriteProcessMemory request was completed. (0x12B)
[1211/144916.321:ERROR:process_memory_win.cc(73)] ReadMemory at 0x17188100ac0 of 60 bytes failed: Only part of a ReadProcessMemory or WriteProcessMemory request was completed. (0x12B)
[1211/144916.321:ERROR:process_memory_win.cc(73)] ReadMemory at 0x17188100b10 of 62 bytes failed: Only part of a ReadProcessMemory or WriteProcessMemory request was completed. (0x12B)
[1211/144916.321:ERROR:process_memory_win.cc(73)] ReadMemory at 0x17188100b60 of 62 bytes failed: Only part of a ReadProcessMemory or WriteProcessMemory request was completed. (0x12B)
[1211/144916.321:ERROR:process_memory_win.cc(73)] ReadMemory at 0x17188100bb0 of 64 bytes failed: Only part of a ReadProcessMemory or WriteProcessMemory request was completed. (0x12B)
[1211/144916.321:ERROR:process_memory_win.cc(73)] ReadMemory at 0x17188100c00 of 62 bytes failed: Only part of a ReadProcessMemory or WriteProcessMemory request was completed. (0x12B)
[1211/144916.321:ERROR:process_memory_win.cc(73)] ReadMemory at 0x17188100c50 of 62 bytes failed: Only part of a ReadProcessMemory or WriteProcessMemory request was completed. (0x12B)
[1211/144916.321:ERROR:process_memory_win.cc(73)] ReadMemory at 0x17188100ca0 of 64 bytes failed: Only part of a ReadProcessMemory or WriteProcessMemory request was completed. (0x12B)
[1211/144916.321:ERROR:process_memory_win.cc(73)] ReadMemory at 0x17188100d40 of 64 bytes failed: Only part of a ReadProcessMemory or WriteProcessMemory request was completed. (0x12B)
[1211/144916.321:ERROR:process_memory_win.cc(73)] ReadMemory at 0x17188100d90 of 62 bytes failed: Only part of a ReadProcessMemory or WriteProcessMemory request was completed. (0x12B)
[1211/144916.321:ERROR:process_memory_win.cc(73)] ReadMemory at 0x17188100de0 of 64 bytes failed: Only part of a ReadProcessMemory or WriteProcessMemory request was completed. (0x12B)
[1211/144916.322:ERROR:process_memory_win.cc(73)] ReadMemory at 0x17188100e30 of 62 bytes failed: Only part of a ReadProcessMemory or WriteProcessMemory request was completed. (0x12B)
[1211/144916.322:ERROR:process_memory_win.cc(73)] ReadMemory at 0x17188100ed0 of 64 bytes failed: Only part of a ReadProcessMemory or WriteProcessMemory request was completed. (0x12B)
[1211/144916.322:ERROR:process_memory_win.cc(73)] ReadMemory at 0x17188100f20 of 60 bytes failed: Only part of a ReadProcessMemory or WriteProcessMemory request was completed. (0x12B)
[1211/144916.322:ERROR:process_memory_win.cc(73)] ReadMemory at 0x17188100f70 of 60 bytes failed: Only part of a ReadProcessMemory or WriteProcessMemory request was completed. (0x12B)
[1211/144916.322:ERROR:process_memory_win.cc(73)] ReadMemory at 0x17188101010 of 66 bytes failed: Only part of a ReadProcessMemory or WriteProcessMemory request was completed. (0x12B)
[1211/144916.322:ERROR:process_memory_win.cc(73)] ReadMemory at 0x17188101060 of 60 bytes failed: Only part of a ReadProcessMemory or WriteProcessMemory request was completed. (0x12B)
[1211/144916.322:ERROR:process_memory_win.cc(73)] ReadMemory at 0x171881010b0 of 64 bytes failed: Only part of a ReadProcessMemory or WriteProcessMemory request was completed. (0x12B)
[1211/144916.322:ERROR:process_memory_win.cc(73)] ReadMemory at 0x17188101150 of 58 bytes failed: Only part of a ReadProcessMemory or WriteProcessMemory request was completed. (0x12B)
[1211/144916.322:ERROR:process_memory_win.cc(73)] ReadMemory at 0x17188101630 of 132 bytes failed: Only part of a ReadProcessMemory or WriteProcessMemory request was completed. (0x12B)
[1211/144916.322:ERROR:process_memory_win.cc(73)] ReadMemory at 0x17188101760 of 132 bytes failed: Only part of a ReadProcessMemory or WriteProcessMemory request was completed. (0x12B)
[1211/144916.322:ERROR:process_memory_win.cc(73)] ReadMemory at 0x17188101890 of 132 bytes failed: Only part of a ReadProcessMemory or WriteProcessMemory request was completed. (0x12B)
[1211/144916.322:ERROR:process_memory_win.cc(73)] ReadMemory at 0x171881019c0 of 132 bytes failed: Only part of a ReadProcessMemory or WriteProcessMemory request was completed. (0x12B)
[1211/144916.322:ERROR:process_memory_win.cc(73)] ReadMemory at 0x17188101af0 of 132 bytes failed: Only part of a ReadProcessMemory or WriteProcessMemory request was completed. (0x12B)
[1211/144916.322:ERROR:process_memory_win.cc(73)] ReadMemory at 0x17188101c20 of 132 bytes failed: Only part of a ReadProcessMemory or WriteProcessMemory request was completed. (0x12B)
[1211/144916.323:ERROR:process_memory_win.cc(73)] ReadMemory at 0x17188101d50 of 132 bytes failed: Only part of a ReadProcessMemory or WriteProcessMemory request was completed. (0x12B)
[1211/144916.323:ERROR:process_memory_win.cc(73)] ReadMemory at 0x17188101fb0 of 132 bytes failed: Only part of a ReadProcessMemory or WriteProcessMemory request was completed. (0x12B)
[1211/144916.351:ERROR:process_memory_win.cc(73)] ReadMemory at 0x171881020e0 of 132 bytes failed: Only part of a ReadProcessMemory or WriteProcessMemory request was completed. (0x12B)
[1211/144916.351:ERROR:process_memory_win.cc(73)] ReadMemory at 0x17188102210 of 132 bytes failed: Only part of a ReadProcessMemory or WriteProcessMemory request was completed. (0x12B)
[1211/144916.351:ERROR:process_memory_win.cc(73)] ReadMemory at 0x17188102340 of 132 bytes failed: Only part of a ReadProcessMemory or WriteProcessMemory request was completed. (0x12B)
[1211/144916.351:ERROR:process_memory_win.cc(73)] ReadMemory at 0x17188102a60 of 132 bytes failed: Only part of a ReadProcessMemory or WriteProcessMemory request was completed. (0x12B)
[1211/144916.351:ERROR:process_memory_win.cc(73)] ReadMemory at 0x17188102b90 of 132 bytes failed: Only part of a ReadProcessMemory or WriteProcessMemory request was completed. (0x12B)
[1211/144916.351:ERROR:process_memory_win.cc(73)] ReadMemory at 0x17188102cc0 of 132 bytes failed: Only part of a ReadProcessMemory or WriteProcessMemory request was completed. (0x12B)
[1211/144916.351:ERROR:process_memory_win.cc(73)] ReadMemory at 0x17188102f20 of 132 bytes failed: Only part of a ReadProcessMemory or WriteProcessMemory request was completed. (0x12B)
[1211/144916.351:ERROR:process_memory_win.cc(73)] ReadMemory at 0x171881033e0 of 132 bytes failed: Only part of a ReadProcessMemory or WriteProcessMemory request was completed. (0x12B)
[1211/144916.351:ERROR:process_memory_win.cc(73)] ReadMemory at 0x17188104260 of 132 bytes failed: Only part of a ReadProcessMemory or WriteProcessMemory request was completed. (0x12B)
[1211/144916.351:ERROR:process_memory_win.cc(73)] ReadMemory at 0x171881044c0 of 132 bytes failed: Only part of a ReadProcessMemory or WriteProcessMemory request was completed. (0x12B)
[1211/144916.351:ERROR:process_memory_win.cc(73)] ReadMemory at 0x171881045f0 of 132 bytes failed: Only part of a ReadProcessMemory or WriteProcessMemory request was completed. (0x12B)
[1211/144916.351:ERROR:process_memory_win.cc(73)] ReadMemory at 0x17188104720 of 132 bytes failed: Only part of a ReadProcessMemory or WriteProcessMemory request was completed. (0x12B)
[1211/144916.351:ERROR:process_memory_win.cc(73)] ReadMemory at 0x17188104850 of 132 bytes failed: Only part of a ReadProcessMemory or WriteProcessMemory request was completed. (0x12B)
[1211/144916.351:ERROR:process_memory_win.cc(73)] ReadMemory at 0x17188105d40 of 54 bytes failed: Only part of a ReadProcessMemory or WriteProcessMemory request was completed. (0x12B)
[1211/144916.351:ERROR:process_memory_win.cc(73)] ReadMemory at 0x17188107b70 of 76 bytes failed: Only part of a ReadProcessMemory or WriteProcessMemory request was completed. (0x12B)
[1211/144916.351:ERROR:process_memory_win.cc(73)] ReadMemory at 0x171881088d0 of 132 bytes failed: Only part of a ReadProcessMemory or WriteProcessMemory request was completed. (0x12B)
[1211/144916.351:ERROR:process_memory_win.cc(73)] ReadMemory at 0x17188108a00 of 132 bytes failed: Only part of a ReadProcessMemory or WriteProcessMemory request was completed. (0x12B)
[1211/144916.351:ERROR:process_memory_win.cc(73)] ReadMemory at 0x17188108ce0 of 132 bytes failed: Only part of a ReadProcessMemory or WriteProcessMemory request was completed. (0x12B)
[1211/144916.351:ERROR:process_memory_win.cc(73)] ReadMemory at 0x1718810a6b0 of 132 bytes failed: Only part of a ReadProcessMemory or WriteProcessMemory request was completed. (0x12B)
[1211/144916.352:ERROR:process_memory_win.cc(73)] ReadMemory at 0x1718810a7e0 of 132 bytes failed: Only part of a ReadProcessMemory or WriteProcessMemory request was completed. (0x12B)
[1211/144916.352:ERROR:process_memory_win.cc(73)] ReadMemory at 0x1718810fb90 of 132 bytes failed: Only part of a ReadProcessMemory or WriteProcessMemory request was completed. (0x12B)
[1211/144916.352:ERROR:process_memory_win.cc(73)] ReadMemory at 0x171881111b0 of 66 bytes failed: Only part of a ReadProcessMemory or WriteProcessMemory request was completed. (0x12B)
[1211/144916.352:ERROR:process_memory_win.cc(73)] ReadMemory at 0x17188111250 of 60 bytes failed: Only part of a ReadProcessMemory or WriteProcessMemory request was completed. (0x12B)
[1211/144916.352:ERROR:process_memory_win.cc(73)] ReadMemory at 0x17188111390 of 62 bytes failed: Only part of a ReadProcessMemory or WriteProcessMemory request was completed. (0x12B)
[1211/144916.352:ERROR:process_memory_win.cc(73)] ReadMemory at 0x171881113e0 of 62 bytes failed: Only part of a ReadProcessMemory or WriteProcessMemory request was completed. (0x12B)
[1211/144916.352:ERROR:process_memory_win.cc(73)] ReadMemory at 0x17188111840 of 60 bytes failed: Only part of a ReadProcessMemory or WriteProcessMemory request was completed. (0x12B)
[1211/144916.352:ERROR:process_memory_win.cc(73)] ReadMemory at 0x17188111e80 of 64 bytes failed: Only part of a ReadProcessMemory or WriteProcessMemory request was completed. (0x12B)
[1211/144916.352:ERROR:process_memory_win.cc(73)] ReadMemory at 0x17188111fc0 of 64 bytes failed: Only part of a ReadProcessMemory or WriteProcessMemory request was completed. (0x12B)
[1211/144916.352:ERROR:process_memory_win.cc(73)] ReadMemory at 0x171881247f0 of 512 bytes failed: Only part of a ReadProcessMemory or WriteProcessMemory request was completed. (0x12B)
[1211/144916.352:ERROR:process_memory_win.cc(73)] ReadMemory at 0x17188125740 of 512 bytes failed: Only part of a ReadProcessMemory or WriteProcessMemory request was completed. (0x12B)
[1211/144916.352:ERROR:process_memory_win.cc(73)] ReadMemory at 0x17188261780 of 512 bytes failed: Only part of a ReadProcessMemory or WriteProcessMemory request was completed. (0x12B)
[1211/144916.352:ERROR:process_memory_win.cc(73)] ReadMemory at 0x171886f9510 of 512 bytes failed: Only part of a ReadProcessMemory or WriteProcessMemory request was completed. (0x12B)
[1211/144916.353:ERROR:process_memory_win.cc(73)] ReadMemory at 0x171886faa80 of 512 bytes failed: Only part of a ReadProcessMemory or WriteProcessMemory request was completed. (0x12B)
[1211/144916.353:ERROR:process_memory_win.cc(73)] ReadMemory at 0x171887005e0 of 512 bytes failed: Only part of a ReadProcessMemory or WriteProcessMemory request was completed. (0x12B)
[1211/144916.353:ERROR:process_memory_win.cc(73)] ReadMemory at 0x17188729190 of 712 bytes failed: Only part of a ReadProcessMemory or WriteProcessMemory request was completed. (0x12B)
[1211/144916.353:ERROR:process_memory_win.cc(73)] ReadMemory at 0x171887970b0 of 520 bytes failed: Only part of a ReadProcessMemory or WriteProcessMemory request was completed. (0x12B)
[1211/144916.353:ERROR:process_memory_win.cc(73)] ReadMemory at 0x1718879b0e0 of 512 bytes failed: Only part of a ReadProcessMemory or WriteProcessMemory request was completed. (0x12B)
[1211/144916.353:ERROR:process_memory_win.cc(73)] ReadMemory at 0x1718879b300 of 512 bytes failed: Only part of a ReadProcessMemory or WriteProcessMemory request was completed. (0x12B)
[1211/144916.353:ERROR:process_memory_win.cc(73)] ReadMemory at 0x1718a541588 of 800 bytes failed: Only part of a ReadProcessMemory or WriteProcessMemory request was completed. (0x12B)
[1211/144916.353:ERROR:process_memory_win.cc(73)] ReadMemory at 0x1718a541978 of 512 bytes failed: Only part of a ReadProcessMemory or WriteProcessMemory request was completed. (0x12B)
[1211/144916.353:ERROR:process_memory_win.cc(73)] ReadMemory at 0x1718a6bca88 of 512 bytes failed: Only part of a ReadProcessMemory or WriteProcessMemory request was completed. (0x12B)
[1211/144916.353:ERROR:process_memory_win.cc(73)] ReadMemory at 0x1718b1c0650 of 512 bytes failed: Only part of a ReadProcessMemory or WriteProcessMemory request was completed. (0x12B)
[1211/144916.353:ERROR:process_memory_win.cc(73)] ReadMemory at 0x1718b1c0dc8 of 512 bytes failed: Only part of a ReadProcessMemory or WriteProcessMemory request was completed. (0x12B)
[1211/144916.353:ERROR:process_memory_win.cc(73)] ReadMemory at 0x1718b82fe50 of 512 bytes failed: Only part of a ReadProcessMemory or WriteProcessMemory request was completed. (0x12B)
[1211/144916.353:ERROR:process_memory_win.cc(73)] ReadMemory at 0x1718c9c4bb0 of 512 bytes failed: Only part of a ReadProcessMemory or WriteProcessMemory request was completed. (0x12B)
[1211/144916.354:ERROR:process_memory_win.cc(73)] ReadMemory at 0x1718cb0d730 of 512 bytes failed: Only part of a ReadProcessMemory or WriteProcessMemory request was completed. (0x12B)
[1211/144916.354:ERROR:process_memory_win.cc(73)] ReadMemory at 0x1718cb0dc3e of 512 bytes failed: Only part of a ReadProcessMemory or WriteProcessMemory request was completed. (0x12B)
[1211/144916.354:ERROR:process_memory_win.cc(73)] ReadMemory at 0x1718cf50e68 of 512 bytes failed: Only part of a ReadProcessMemory or WriteProcessMemory request was completed. (0x12B)
[1211/144916.354:ERROR:process_memory_win.cc(73)] ReadMemory at 0x1718d22a9b0 of 512 bytes failed: Only part of a ReadProcessMemory or WriteProcessMemory request was completed. (0x12B)
[1211/144916.354:ERROR:process_memory_win.cc(73)] ReadMemory at 0x1718d237040 of 512 bytes failed: Only part of a ReadProcessMemory or WriteProcessMemory request was completed. (0x12B)
[1211/144916.354:ERROR:process_memory_win.cc(73)] ReadMemory at 0x1718d237700 of 512 bytes failed: Only part of a ReadProcessMemory or WriteProcessMemory request was completed. (0x12B)
[1211/144916.354:ERROR:process_memory_win.cc(73)] ReadMemory at 0x1718d237c40 of 512 bytes failed: Only part of a ReadProcessMemory or WriteProcessMemory request was completed. (0x12B)
[1211/144916.354:ERROR:process_memory_win.cc(73)] ReadMemory at 0x1718de327e0 of 512 bytes failed: Only part of a ReadProcessMemory or WriteProcessMemory request was completed. (0x12B)
[1211/144916.354:ERROR:process_memory_win.cc(73)] ReadMemory at 0x171923d4930 of 512 bytes failed: Only part of a ReadProcessMemory or WriteProcessMemory request was completed. (0x12B)
[1211/144916.354:ERROR:process_memory_win.cc(73)] ReadMemory at 0x171923db150 of 512 bytes failed: Only part of a ReadProcessMemory or WriteProcessMemory request was completed. (0x12B)
[1211/144916.354:ERROR:process_memory_win.cc(73)] ReadMemory at 0x17193ba0fc8 of 512 bytes failed: Only part of a ReadProcessMemory or WriteProcessMemory request was completed. (0x12B)
[1211/144916.362:ERROR:scoped_process_suspend.cc(40)] NtResumeProcess: An attempt was made to access an exiting process. (0xc000010a)
[0603/212840.712:ERROR:process_reader_win.cc(123)] NtOpenThread: {Access Denied} A process has requested access to an object, but has not been granted those access rights. (0xc0000022)
[0603/212840.728:ERROR:exception_snapshot_win.cc(98)] thread ID 8616 not found in process
[0717/010216.624:ERROR:process_reader_win.cc(151)] SuspendThread: Access is denied. (0x5)
[0717/010216.624:ERROR:process_reader_win.cc(123)] NtOpenThread: {Access Denied} A process has requested access to an object, but has not been granted those access rights. (0xc0000022)
[0717/010216.624:ERROR:exception_snapshot_win.cc(98)] thread ID 11140 not found in process
[0717/010216.648:ERROR:process_reader_win.cc(151)] SuspendThread: Access is denied. (0x5)
[0717/010216.648:ERROR:process_reader_win.cc(151)] SuspendThread: Access is denied. (0x5)
[0717/010216.648:ERROR:process_reader_win.cc(123)] NtOpenThread: {Access Denied} A process has requested access to an object, but has not been granted those access rights. (0xc0000022)
[0717/010216.648:ERROR:exception_snapshot_win.cc(98)] thread ID 10532 not found in process
[0717/010216.808:ERROR:process_reader_win.cc(151)] SuspendThread: Access is denied. (0x5)
[0717/010216.808:ERROR:process_reader_win.cc(151)] SuspendThread: Access is denied. (0x5)
[0717/010216.808:ERROR:process_reader_win.cc(151)] SuspendThread: Access is denied. (0x5)
[0717/010216.808:ERROR:process_reader_win.cc(151)] SuspendThread: Access is denied. (0x5)
[0717/010216.808:ERROR:process_reader_win.cc(151)] SuspendThread: Access is denied. (0x5)
[0717/010216.808:ERROR:process_reader_win.cc(151)] SuspendThread: Access is denied. (0x5)
[0717/010216.808:ERROR:process_reader_win.cc(151)] SuspendThread: Access is denied. (0x5)
[0717/010216.808:ERROR:process_reader_win.cc(151)] SuspendThread: Access is denied. (0x5)
[0717/010216.808:ERROR:process_reader_win.cc(151)] SuspendThread: Access is denied. (0x5)
[0717/010216.808:ERROR:process_reader_win.cc(151)] SuspendThread: Access is denied. (0x5)
[0717/010216.808:ERROR:process_reader_win.cc(151)] SuspendThread: Access is denied. (0x5)
[0717/010216.808:ERROR:process_reader_win.cc(151)] SuspendThread: Access is denied. (0x5)
[0717/010216.808:ERROR:process_reader_win.cc(151)] SuspendThread: Access is denied. (0x5)
[0717/010216.808:ERROR:process_reader_win.cc(151)] SuspendThread: Access is denied. (0x5)
[0717/010216.808:ERROR:process_reader_win.cc(123)] NtOpenThread: {Access Denied} A process has requested access to an object, but has not been granted those access rights. (0xc0000022)
[0717/010216.808:ERROR:exception_snapshot_win.cc(98)] thread ID 15164 not found in process
[0717/010217.720:ERROR:process_reader_win.cc(151)] SuspendThread: Access is denied. (0x5)
[0717/010217.720:ERROR:process_reader_win.cc(151)] SuspendThread: Access is denied. (0x5)
[0717/010217.720:ERROR:process_reader_win.cc(151)] SuspendThread: Access is denied. (0x5)
[0717/010217.720:ERROR:process_reader_win.cc(151)] SuspendThread: Access is denied. (0x5)
[0717/010217.720:ERROR:process_reader_win.cc(151)] SuspendThread: Access is denied. (0x5)
[0717/010217.720:ERROR:process_reader_win.cc(151)] SuspendThread: Access is denied. (0x5)
[0717/010217.720:ERROR:process_reader_win.cc(151)] SuspendThread: Access is denied. (0x5)
[0717/010217.720:ERROR:process_reader_win.cc(151)] SuspendThread: Access is denied. (0x5)
[0717/010217.720:ERROR:process_reader_win.cc(151)] SuspendThread: Access is denied. (0x5)
[0717/010217.720:ERROR:process_reader_win.cc(151)] SuspendThread: Access is denied. (0x5)
[0717/010217.720:ERROR:process_reader_win.cc(151)] SuspendThread: Access is denied. (0x5)
[0717/010217.720:ERROR:process_reader_win.cc(151)] SuspendThread: Access is denied. (0x5)
[0717/010217.720:ERROR:process_reader_win.cc(123)] NtOpenThread: {Access Denied} A process has requested access to an object, but has not been granted those access rights. (0xc0000022)
[0717/010217.720:ERROR:exception_snapshot_win.cc(98)] thread ID 12332 not found in process
[0728/202839.891:ERROR:process_reader_win.cc(123)] NtOpenThread: {Access Denied} A process has requested access to an object, but has not been granted those access rights. (0xc0000022)
[0728/202839.894:ERROR:exception_snapshot_win.cc(98)] thread ID 13348 not found in process
[0728/202839.897:ERROR:process_reader_win.cc(151)] SuspendThread: Access is denied. (0x5)
[0728/202839.898:ERROR:process_reader_win.cc(151)] SuspendThread: Access is denied. (0x5)
[0728/202839.898:ERROR:process_reader_win.cc(151)] SuspendThread: Access is denied. (0x5)
[0728/202839.898:ERROR:process_reader_win.cc(151)] SuspendThread: Access is denied. (0x5)
[0728/202839.898:ERROR:process_reader_win.cc(151)] SuspendThread: Access is denied. (0x5)
[0728/202839.898:ERROR:process_reader_win.cc(151)] SuspendThread: Access is denied. (0x5)
[0728/202839.898:ERROR:process_reader_win.cc(151)] SuspendThread: Access is denied. (0x5)
[0728/202839.898:ERROR:process_reader_win.cc(151)] SuspendThread: Access is denied. (0x5)
[0728/202839.899:ERROR:process_reader_win.cc(151)] SuspendThread: Access is denied. (0x5)
[0728/202839.899:ERROR:process_reader_win.cc(151)] SuspendThread: Access is denied. (0x5)
[0728/202839.899:ERROR:process_reader_win.cc(123)] NtOpenThread: {Access Denied} A process has requested access to an object, but has not been granted those access rights. (0xc0000022)
[0728/202839.899:ERROR:exception_snapshot_win.cc(98)] thread ID 5396 not found in process
